<?xml version="1.0" encoding="UTF-8"?>
<!-- Generated by org.testng.reporters.JUnitReportReporter -->
<testsuite hostname="DESKTOP-SPOBV3E" failures="0" tests="2" name="pkg.extendreport" time="3.141" errors="0" timestamp="2023-12-29T17:29:30 IST" skipped="0">
  <testcase classname="pkg.extendreport" name="fbtitleverification" time="2.028"/>
  <system-out/>
  <testcase classname="pkg.extendreport" name="fblogotest" time="1.113"/>
  <system-out/>
</testsuite> <!-- pkg.extendreport -->
