<?xml version="1.0" encoding="UTF-8"?>
<!-- Generated by org.testng.reporters.JUnitReportReporter -->
<testsuite hostname="DESKTOP-SPOBV3E" failures="0" tests="1" name="pkg.fileuploadwindowhandle" time="12.660" errors="0" timestamp="2023-12-27T16:39:00 IST" skipped="0">
  <testcase classname="pkg.fileuploadwindowhandle" name="main" time="12.660"/>
  <system-out/>
</testsuite> <!-- pkg.fileuploadwindowhandle -->
