<?xml version="1.0" encoding="UTF-8"?>
<!-- Generated by org.testng.reporters.JUnitReportReporter -->
<testsuite hostname="DESKTOP-SPOBV3E" failures="0" tests="1" name="pkg.fileupload" time="16.236" errors="0" timestamp="2023-12-27T16:41:55 IST" skipped="0">
  <testcase classname="pkg.fileupload" name="test" time="16.236"/>
  <system-out/>
</testsuite> <!-- pkg.fileupload -->
