<?xml version="1.0" encoding="UTF-8"?>
<!-- Generated by org.testng.reporters.JUnitReportReporter -->
<testsuite hostname="DESKTOP-SPOBV3E" failures="0" tests="1" name="testpkg.fblogintest" time="0.578" errors="0" timestamp="2024-01-04T13:06:51 IST" skipped="0">
  <testcase classname="testpkg.fblogintest" name="testlogin" time="0.578"/>
  <system-out/>
</testsuite> <!-- testpkg.fblogintest -->
