<?xml version="1.0" encoding="UTF-8"?>
<!-- Generated by org.testng.reporters.JUnitReportReporter -->
<testsuite hostname="DESKTOP-SPOBV3E" failures="0" tests="1" name="TestNG.TestingDemo" time="1.864" errors="0" timestamp="2023-12-14T13:02:50 IST" skipped="0">
  <testcase classname="TestNG.TestingDemo" name="testthree" time="1.864"/>
  <system-out/>
</testsuite> <!-- TestNG.TestingDemo -->
