<?xml version="1.0" encoding="UTF-8"?>
<!-- Generated by org.testng.reporters.JUnitReportReporter -->
<testsuite hostname="DESKTOP-SPOBV3E" failures="0" tests="1" name="TestNG.parametrisation" time="0.015" errors="0" timestamp="2023-12-14T14:28:42 IST" skipped="0">
  <testcase classname="TestNG.parametrisation" name="main" time="0.015"/>
  <system-out/>
</testsuite> <!-- TestNG.parametrisation -->
