<?xml version="1.0" encoding="UTF-8"?>
<!-- Generated by org.testng.reporters.JUnitReportReporter -->
<testsuite hostname="DESKTOP-SPOBV3E" failures="0" tests="1" name="pkg.copypaste" time="0.680" errors="0" timestamp="2023-12-14T16:07:24 IST" skipped="0">
  <testcase classname="pkg.copypaste" name="test" time="0.680"/>
  <system-out/>
</testsuite> <!-- pkg.copypaste -->
