<?xml version="1.0" encoding="UTF-8"?>
<!-- Generated by org.testng.reporters.JUnitReportReporter -->
<testsuite hostname="DESKTOP-SPOBV3E" failures="0" tests="1" name="pkg.mousehoverebay" time="4.075" errors="0" timestamp="2023-12-22T16:07:27 IST" skipped="0">
  <testcase classname="pkg.mousehoverebay" name="test" time="4.075"/>
  <system-out/>
</testsuite> <!-- pkg.mousehoverebay -->
