<?xml version="1.0" encoding="UTF-8"?>
<!-- Generated by org.testng.reporters.JUnitReportReporter -->
<testsuite hostname="DESKTOP-SPOBV3E" failures="0" tests="1" name="pkg.amazon_search_and_addtocart" time="22.512" errors="0" timestamp="2023-12-22T16:55:46 IST" skipped="0">
  <testcase classname="pkg.amazon_search_and_addtocart" name="test" time="22.512"/>
  <system-out/>
</testsuite> <!-- pkg.amazon_search_and_addtocart -->
