<?xml version="1.0" encoding="UTF-8"?>
<!-- Generated by org.testng.reporters.JUnitReportReporter -->
<testsuite hostname="DESKTOP-SPOBV3E" failures="0" tests="3" name="pkg.crossbwsrtesting" time="49.595" errors="0" timestamp="2023-12-15T16:45:05 IST" skipped="0">
  <testcase classname="pkg.crossbwsrtesting" name="testone" time="11.289"/>
  <system-out/>
  <testcase classname="pkg.crossbwsrtesting" name="testone" time="12.265"/>
  <system-out/>
  <testcase classname="pkg.crossbwsrtesting" name="testone" time="26.041"/>
  <system-out/>
</testsuite> <!-- pkg.crossbwsrtesting -->
