<?xml version="1.0" encoding="UTF-8"?>
<!-- Generated by org.testng.reporters.JUnitReportReporter -->
<testsuite hostname="DESKTOP-SPOBV3E" failures="0" tests="1" name="pkg.tab_handle" time="7.561" errors="0" timestamp="2023-12-21T17:01:09 IST" skipped="0">
  <testcase classname="pkg.tab_handle" name="test" time="7.561"/>
  <system-out/>
</testsuite> <!-- pkg.tab_handle -->
