<?xml version="1.0" encoding="UTF-8"?>
<!-- Generated by org.testng.reporters.JUnitReportReporter -->
<testsuite hostname="DESKTOP-SPOBV3E" failures="0" tests="1" name="pkg.testloginurlcheck" time="2.066" errors="0" timestamp="2023-12-28T15:30:19 IST" skipped="0">
  <testcase classname="pkg.testloginurlcheck" name="titleverification" time="2.066"/>
  <system-out/>
</testsuite> <!-- pkg.testloginurlcheck -->
