<?xml version="1.0" encoding="UTF-8"?>
<!-- Generated by org.testng.reporters.JUnitReportReporter -->
<testsuite hostname="DESKTOP-SPOBV3E" failures="0" tests="1" name="TestNG.datadriven" time="9.675" errors="0" timestamp="2023-12-28T17:18:34 IST" skipped="0">
  <testcase classname="TestNG.datadriven" name="datadriven" time="9.675"/>
  <system-out/>
</testsuite> <!-- TestNG.datadriven -->
