<?xml version="1.0" encoding="UTF-8"?>
<!-- Generated by org.testng.reporters.JUnitReportReporter -->
<testsuite hostname="DESKTOP-SPOBV3E" failures="0" tests="1" name="pkg.datepicker" time="1.957" errors="0" timestamp="2023-12-21T15:18:12 IST" skipped="0">
  <testcase classname="pkg.datepicker" name="datepickertest" time="1.957"/>
  <system-out/>
</testsuite> <!-- pkg.datepicker -->
